2024-05-15T14:52:49.237+09:00  INFO 23880 --- [main] c.e.d.s.UserServiceIntegrationTest       : Starting UserServiceIntegrationTest using Java 17.0.11 with PID 23880 (started by sojan in C:\Users\sojan\IdeaProjects\discord-backend)
2024-05-15T14:52:49.239+09:00  INFO 23880 --- [main] c.e.d.s.UserServiceIntegrationTest       : No active profile set, falling back to 1 default profile: "default"
2024-05-15T14:52:50.609+09:00  INFO 23880 --- [main] .s.d.r.c.RepositoryConfigurationDelegate : Bootstrapping Spring Data JPA repositories in DEFAULT mode.
2024-05-15T14:52:50.703+09:00  INFO 23880 --- [main] .s.d.r.c.RepositoryConfigurationDelegate : Finished Spring Data repository scanning in 79 ms. Found 1 JPA repository interface.
2024-05-15T14:52:51.615+09:00  INFO 23880 --- [main] o.hibernate.jpa.internal.util.LogHelper  : HHH000204: Processing PersistenceUnitInfo [name: default]
2024-05-15T14:52:51.749+09:00  INFO 23880 --- [main] org.hibernate.Version                    : HHH000412: Hibernate ORM core version 6.4.4.Final
2024-05-15T14:52:51.860+09:00  INFO 23880 --- [main] o.h.c.internal.RegionFactoryInitiator    : HHH000026: Second-level cache disabled
2024-05-15T14:52:52.530+09:00  INFO 23880 --- [main] o.s.o.j.p.SpringPersistenceUnitInfo      : No LoadTimeWeaver setup: ignoring JPA class transformer
2024-05-15T14:52:52.580+09:00  INFO 23880 --- [main] com.zaxxer.hikari.HikariDataSource       : HikariPool-1 - Starting...
2024-05-15T14:52:53.059+09:00  INFO 23880 --- [main] com.zaxxer.hikari.pool.HikariPool        : HikariPool-1 - Added connection com.mysql.cj.jdbc.ConnectionImpl@12f8682a
2024-05-15T14:52:53.064+09:00  INFO 23880 --- [main] com.zaxxer.hikari.HikariDataSource       : HikariPool-1 - Start completed.
2024-05-15T14:52:54.525+09:00  INFO 23880 --- [main] o.h.e.t.j.p.i.JtaPlatformInitiator       : HHH000489: No JTA platform available (set 'hibernate.transaction.jta.platform' to enable JTA platform integration)
2024-05-15T14:52:54.601+09:00  INFO 23880 --- [main] j.LocalContainerEntityManagerFactoryBean : Initialized JPA EntityManagerFactory for persistence unit 'default'
2024-05-15T14:52:55.834+09:00  WARN 23880 --- [main] JpaBaseConfiguration$JpaWebConfiguration : spring.jpa.open-in-view is enabled by default. Therefore, database queries may be performed during view rendering. Explicitly configure spring.jpa.open-in-view to disable this warning
2024-05-15T14:52:57.182+09:00  INFO 23880 --- [main] c.e.d.s.UserServiceIntegrationTest       : Started UserServiceIntegrationTest in 8.479 seconds (process running for 10.275)
2024-05-15T14:52:58.152+09:00  INFO 23880 --- [main] c.e.discord.src.service.UserService      : user user6 created
2024-05-15T14:52:58.160+09:00  INFO 23880 --- [main] c.e.d.s.UserServiceIntegrationTest       : success: true
2024-05-15T14:52:58.161+09:00  INFO 23880 --- [main] c.e.d.s.UserServiceIntegrationTest       : code: 200
2024-05-15T14:52:58.161+09:00  INFO 23880 --- [main] c.e.d.s.UserServiceIntegrationTest       : message: 요청에 성공했습니다.
2024-05-15T14:52:58.161+09:00  INFO 23880 --- [main] c.e.d.s.UserServiceIntegrationTest       : result: 
2024-05-15T14:52:58.161+09:00  INFO 23880 --- [main] c.e.d.s.UserServiceIntegrationTest       : nickName: user6
2024-05-15T14:52:58.161+09:00  INFO 23880 --- [main] c.e.d.s.UserServiceIntegrationTest       : cookie: 11
2024-05-15T14:52:58.192+09:00  INFO 23880 --- [main] c.e.d.s.UserServiceIntegrationTest       : status: DUPLICATE_NICKNAME_ERROR
2024-05-15T14:52:58.192+09:00  INFO 23880 --- [main] c.e.d.s.UserServiceIntegrationTest       : message: 중복된 유저이름입니다.
2024-05-15T14:52:58.293+09:00  INFO 23880 --- [SpringApplicationShutdownHook] j.LocalContainerEntityManagerFactoryBean : Closing JPA EntityManagerFactory for persistence unit 'default'
2024-05-15T14:52:58.298+09:00  INFO 23880 --- [SpringApplicationShutdownHook] com.zaxxer.hikari.HikariDataSource       : HikariPool-1 - Shutdown initiated...
2024-05-15T14:52:58.309+09:00  INFO 23880 --- [SpringApplicationShutdownHook] com.zaxxer.hikari.HikariDataSource       : HikariPool-1 - Shutdown completed.
2024-05-15T15:13:22.413+09:00  INFO 10472 --- [main] c.e.d.s.UserServiceIntegrationTest       : Starting UserServiceIntegrationTest using Java 17.0.11 with PID 10472 (started by sojan in C:\Users\sojan\IdeaProjects\discord-backend)
2024-05-15T15:13:22.419+09:00  INFO 10472 --- [main] c.e.d.s.UserServiceIntegrationTest       : No active profile set, falling back to 1 default profile: "default"
2024-05-15T15:13:23.832+09:00  INFO 10472 --- [main] .s.d.r.c.RepositoryConfigurationDelegate : Bootstrapping Spring Data JPA repositories in DEFAULT mode.
2024-05-15T15:13:23.943+09:00  INFO 10472 --- [main] .s.d.r.c.RepositoryConfigurationDelegate : Finished Spring Data repository scanning in 99 ms. Found 2 JPA repository interfaces.
2024-05-15T15:13:24.910+09:00  INFO 10472 --- [main] o.hibernate.jpa.internal.util.LogHelper  : HHH000204: Processing PersistenceUnitInfo [name: default]
2024-05-15T15:13:24.973+09:00  INFO 10472 --- [main] org.hibernate.Version                    : HHH000412: Hibernate ORM core version 6.4.4.Final
2024-05-15T15:13:25.046+09:00  INFO 10472 --- [main] o.h.c.internal.RegionFactoryInitiator    : HHH000026: Second-level cache disabled
2024-05-15T15:13:25.593+09:00  INFO 10472 --- [main] o.s.o.j.p.SpringPersistenceUnitInfo      : No LoadTimeWeaver setup: ignoring JPA class transformer
2024-05-15T15:13:25.622+09:00  INFO 10472 --- [main] com.zaxxer.hikari.HikariDataSource       : HikariPool-1 - Starting...
2024-05-15T15:13:26.102+09:00  INFO 10472 --- [main] com.zaxxer.hikari.pool.HikariPool        : HikariPool-1 - Added connection com.mysql.cj.jdbc.ConnectionImpl@5368e981
2024-05-15T15:13:26.113+09:00  INFO 10472 --- [main] com.zaxxer.hikari.HikariDataSource       : HikariPool-1 - Start completed.
2024-05-15T15:13:27.298+09:00  INFO 10472 --- [main] o.h.m.i.EntityInstantiatorPojoStandard   : HHH000182: No default (no-argument) constructor for class: com.example.discord.src.entity.Channel (class must be instantiated by Interceptor)
2024-05-15T15:13:27.339+09:00  INFO 10472 --- [main] o.h.m.i.EntityInstantiatorPojoStandard   : HHH000182: No default (no-argument) constructor for class: com.example.discord.src.entity.User (class must be instantiated by Interceptor)
2024-05-15T15:13:27.524+09:00  INFO 10472 --- [main] o.h.e.t.j.p.i.JtaPlatformInitiator       : HHH000489: No JTA platform available (set 'hibernate.transaction.jta.platform' to enable JTA platform integration)
2024-05-15T15:13:27.625+09:00  INFO 10472 --- [main] j.LocalContainerEntityManagerFactoryBean : Initialized JPA EntityManagerFactory for persistence unit 'default'
2024-05-15T15:13:28.699+09:00  WARN 10472 --- [main] JpaBaseConfiguration$JpaWebConfiguration : spring.jpa.open-in-view is enabled by default. Therefore, database queries may be performed during view rendering. Explicitly configure spring.jpa.open-in-view to disable this warning
2024-05-15T15:13:30.029+09:00  INFO 10472 --- [main] c.e.d.s.UserServiceIntegrationTest       : Started UserServiceIntegrationTest in 8.232 seconds (process running for 9.869)
2024-05-15T15:13:31.110+09:00  INFO 10472 --- [main] c.e.discord.src.service.UserService      : user user6 created
2024-05-15T15:13:31.112+09:00  INFO 10472 --- [main] c.e.d.s.UserServiceIntegrationTest       : success: true
2024-05-15T15:13:31.112+09:00  INFO 10472 --- [main] c.e.d.s.UserServiceIntegrationTest       : code: 200
2024-05-15T15:13:31.112+09:00  INFO 10472 --- [main] c.e.d.s.UserServiceIntegrationTest       : message: 요청에 성공했습니다.
2024-05-15T15:13:31.112+09:00  INFO 10472 --- [main] c.e.d.s.UserServiceIntegrationTest       : result: 
2024-05-15T15:13:31.112+09:00  INFO 10472 --- [main] c.e.d.s.UserServiceIntegrationTest       : nickName: user6
2024-05-15T15:13:31.112+09:00  INFO 10472 --- [main] c.e.d.s.UserServiceIntegrationTest       : cookie: 12
2024-05-15T15:13:31.139+09:00  INFO 10472 --- [SpringApplicationShutdownHook] j.LocalContainerEntityManagerFactoryBean : Closing JPA EntityManagerFactory for persistence unit 'default'
2024-05-15T15:13:31.143+09:00  INFO 10472 --- [SpringApplicationShutdownHook] com.zaxxer.hikari.HikariDataSource       : HikariPool-1 - Shutdown initiated...
2024-05-15T15:13:31.162+09:00  INFO 10472 --- [SpringApplicationShutdownHook] com.zaxxer.hikari.HikariDataSource       : HikariPool-1 - Shutdown completed.
2024-05-15T15:27:47.378+09:00  INFO 17420 --- [main] c.e.d.s.UserServiceIntegrationTest       : Starting UserServiceIntegrationTest using Java 17.0.11 with PID 17420 (started by sojan in C:\Users\sojan\IdeaProjects\discord-backend)
2024-05-15T15:27:47.389+09:00  INFO 17420 --- [main] c.e.d.s.UserServiceIntegrationTest       : No active profile set, falling back to 1 default profile: "default"
2024-05-15T15:27:48.738+09:00  INFO 17420 --- [main] .s.d.r.c.RepositoryConfigurationDelegate : Bootstrapping Spring Data JPA repositories in DEFAULT mode.
2024-05-15T15:27:48.838+09:00  INFO 17420 --- [main] .s.d.r.c.RepositoryConfigurationDelegate : Finished Spring Data repository scanning in 92 ms. Found 2 JPA repository interfaces.
2024-05-15T15:27:49.644+09:00  INFO 17420 --- [main] o.hibernate.jpa.internal.util.LogHelper  : HHH000204: Processing PersistenceUnitInfo [name: default]
2024-05-15T15:27:49.763+09:00  INFO 17420 --- [main] org.hibernate.Version                    : HHH000412: Hibernate ORM core version 6.4.4.Final
2024-05-15T15:27:49.845+09:00  INFO 17420 --- [main] o.h.c.internal.RegionFactoryInitiator    : HHH000026: Second-level cache disabled
2024-05-15T15:27:50.419+09:00  INFO 17420 --- [main] o.s.o.j.p.SpringPersistenceUnitInfo      : No LoadTimeWeaver setup: ignoring JPA class transformer
2024-05-15T15:27:50.463+09:00  INFO 17420 --- [main] com.zaxxer.hikari.HikariDataSource       : HikariPool-1 - Starting...
2024-05-15T15:27:50.976+09:00  INFO 17420 --- [main] com.zaxxer.hikari.pool.HikariPool        : HikariPool-1 - Added connection com.mysql.cj.jdbc.ConnectionImpl@16ccd2bc
2024-05-15T15:27:50.976+09:00  INFO 17420 --- [main] com.zaxxer.hikari.HikariDataSource       : HikariPool-1 - Start completed.
2024-05-15T15:27:51.998+09:00  INFO 17420 --- [main] o.h.m.i.EntityInstantiatorPojoStandard   : HHH000182: No default (no-argument) constructor for class: com.example.discord.src.entity.Channel (class must be instantiated by Interceptor)
2024-05-15T15:27:52.039+09:00  INFO 17420 --- [main] o.h.m.i.EntityInstantiatorPojoStandard   : HHH000182: No default (no-argument) constructor for class: com.example.discord.src.entity.User (class must be instantiated by Interceptor)
2024-05-15T15:27:52.214+09:00  INFO 17420 --- [main] o.h.e.t.j.p.i.JtaPlatformInitiator       : HHH000489: No JTA platform available (set 'hibernate.transaction.jta.platform' to enable JTA platform integration)
2024-05-15T15:27:52.278+09:00  INFO 17420 --- [main] j.LocalContainerEntityManagerFactoryBean : Initialized JPA EntityManagerFactory for persistence unit 'default'
2024-05-15T15:27:53.372+09:00  WARN 17420 --- [main] JpaBaseConfiguration$JpaWebConfiguration : spring.jpa.open-in-view is enabled by default. Therefore, database queries may be performed during view rendering. Explicitly configure spring.jpa.open-in-view to disable this warning
2024-05-15T15:27:54.643+09:00  INFO 17420 --- [main] c.e.d.s.UserServiceIntegrationTest       : Started UserServiceIntegrationTest in 7.773 seconds (process running for 9.428)
2024-05-15T15:27:55.652+09:00  INFO 17420 --- [main] c.e.discord.src.service.UserService      : user user6 created
2024-05-15T15:27:55.654+09:00  INFO 17420 --- [main] c.e.d.s.UserServiceIntegrationTest       : success: true
2024-05-15T15:27:55.654+09:00  INFO 17420 --- [main] c.e.d.s.UserServiceIntegrationTest       : code: 200
2024-05-15T15:27:55.654+09:00  INFO 17420 --- [main] c.e.d.s.UserServiceIntegrationTest       : message: 요청에 성공했습니다.
2024-05-15T15:27:55.655+09:00  INFO 17420 --- [main] c.e.d.s.UserServiceIntegrationTest       : result: 
2024-05-15T15:27:55.655+09:00  INFO 17420 --- [main] c.e.d.s.UserServiceIntegrationTest       : nickName: user6
2024-05-15T15:27:55.655+09:00  INFO 17420 --- [main] c.e.d.s.UserServiceIntegrationTest       : cookie: 13
2024-05-15T15:27:55.691+09:00  INFO 17420 --- [SpringApplicationShutdownHook] j.LocalContainerEntityManagerFactoryBean : Closing JPA EntityManagerFactory for persistence unit 'default'
2024-05-15T15:27:55.695+09:00  INFO 17420 --- [SpringApplicationShutdownHook] com.zaxxer.hikari.HikariDataSource       : HikariPool-1 - Shutdown initiated...
2024-05-15T15:27:55.713+09:00  INFO 17420 --- [SpringApplicationShutdownHook] com.zaxxer.hikari.HikariDataSource       : HikariPool-1 - Shutdown completed.
2024-05-15T15:46:57.791+09:00  INFO 14000 --- [main] c.e.d.s.UserServiceIntegrationTest       : Starting UserServiceIntegrationTest using Java 17.0.11 with PID 14000 (started by sojan in C:\Users\sojan\IdeaProjects\discord-backend)
2024-05-15T15:46:57.800+09:00  INFO 14000 --- [main] c.e.d.s.UserServiceIntegrationTest       : No active profile set, falling back to 1 default profile: "default"
2024-05-15T15:46:59.138+09:00  INFO 14000 --- [main] .s.d.r.c.RepositoryConfigurationDelegate : Bootstrapping Spring Data JPA repositories in DEFAULT mode.
2024-05-15T15:46:59.237+09:00  INFO 14000 --- [main] .s.d.r.c.RepositoryConfigurationDelegate : Finished Spring Data repository scanning in 84 ms. Found 2 JPA repository interfaces.
2024-05-15T15:47:00.149+09:00  INFO 14000 --- [main] o.hibernate.jpa.internal.util.LogHelper  : HHH000204: Processing PersistenceUnitInfo [name: default]
2024-05-15T15:47:00.279+09:00  INFO 14000 --- [main] org.hibernate.Version                    : HHH000412: Hibernate ORM core version 6.4.4.Final
2024-05-15T15:47:00.339+09:00  INFO 14000 --- [main] o.h.c.internal.RegionFactoryInitiator    : HHH000026: Second-level cache disabled
2024-05-15T15:47:00.917+09:00  INFO 14000 --- [main] o.s.o.j.p.SpringPersistenceUnitInfo      : No LoadTimeWeaver setup: ignoring JPA class transformer
2024-05-15T15:47:00.965+09:00  INFO 14000 --- [main] com.zaxxer.hikari.HikariDataSource       : HikariPool-1 - Starting...
2024-05-15T15:47:01.436+09:00  INFO 14000 --- [main] com.zaxxer.hikari.pool.HikariPool        : HikariPool-1 - Added connection com.mysql.cj.jdbc.ConnectionImpl@6f7a20da
2024-05-15T15:47:01.440+09:00  INFO 14000 --- [main] com.zaxxer.hikari.HikariDataSource       : HikariPool-1 - Start completed.
2024-05-15T15:47:02.467+09:00  INFO 14000 --- [main] o.h.m.i.EntityInstantiatorPojoStandard   : HHH000182: No default (no-argument) constructor for class: com.example.discord.src.entity.Channel (class must be instantiated by Interceptor)
2024-05-15T15:47:02.722+09:00  INFO 14000 --- [main] o.h.e.t.j.p.i.JtaPlatformInitiator       : HHH000489: No JTA platform available (set 'hibernate.transaction.jta.platform' to enable JTA platform integration)
2024-05-15T15:47:02.774+09:00  INFO 14000 --- [main] j.LocalContainerEntityManagerFactoryBean : Initialized JPA EntityManagerFactory for persistence unit 'default'
2024-05-15T15:47:03.929+09:00  WARN 14000 --- [main] JpaBaseConfiguration$JpaWebConfiguration : spring.jpa.open-in-view is enabled by default. Therefore, database queries may be performed during view rendering. Explicitly configure spring.jpa.open-in-view to disable this warning
2024-05-15T15:47:05.393+09:00  INFO 14000 --- [main] c.e.d.s.UserServiceIntegrationTest       : Started UserServiceIntegrationTest in 8.129 seconds (process running for 9.648)
2024-05-15T15:47:06.256+09:00  INFO 14000 --- [main] c.e.discord.src.service.UserService      : user user6 created
2024-05-15T15:47:06.259+09:00  INFO 14000 --- [main] c.e.d.s.UserServiceIntegrationTest       : success: true
2024-05-15T15:47:06.259+09:00  INFO 14000 --- [main] c.e.d.s.UserServiceIntegrationTest       : code: 200
2024-05-15T15:47:06.259+09:00  INFO 14000 --- [main] c.e.d.s.UserServiceIntegrationTest       : message: 요청에 성공했습니다.
2024-05-15T15:47:06.259+09:00  INFO 14000 --- [main] c.e.d.s.UserServiceIntegrationTest       : result: 
2024-05-15T15:47:06.259+09:00  INFO 14000 --- [main] c.e.d.s.UserServiceIntegrationTest       : nickName: user6
2024-05-15T15:47:06.261+09:00  INFO 14000 --- [main] c.e.d.s.UserServiceIntegrationTest       : cookie: 14
2024-05-15T15:47:06.288+09:00  INFO 14000 --- [SpringApplicationShutdownHook] j.LocalContainerEntityManagerFactoryBean : Closing JPA EntityManagerFactory for persistence unit 'default'
2024-05-15T15:47:06.288+09:00  INFO 14000 --- [SpringApplicationShutdownHook] com.zaxxer.hikari.HikariDataSource       : HikariPool-1 - Shutdown initiated...
2024-05-15T15:47:06.304+09:00  INFO 14000 --- [SpringApplicationShutdownHook] com.zaxxer.hikari.HikariDataSource       : HikariPool-1 - Shutdown completed.
2024-05-15T15:48:52.618+09:00  INFO 18448 --- [main] c.e.d.s.UserServiceIntegrationTest       : Starting UserServiceIntegrationTest using Java 17.0.11 with PID 18448 (started by sojan in C:\Users\sojan\IdeaProjects\discord-backend)
2024-05-15T15:48:52.618+09:00  INFO 18448 --- [main] c.e.d.s.UserServiceIntegrationTest       : No active profile set, falling back to 1 default profile: "default"
2024-05-15T15:48:54.025+09:00  INFO 18448 --- [main] .s.d.r.c.RepositoryConfigurationDelegate : Bootstrapping Spring Data JPA repositories in DEFAULT mode.
2024-05-15T15:48:54.122+09:00  INFO 18448 --- [main] .s.d.r.c.RepositoryConfigurationDelegate : Finished Spring Data repository scanning in 87 ms. Found 2 JPA repository interfaces.
2024-05-15T15:48:55.153+09:00  INFO 18448 --- [main] o.hibernate.jpa.internal.util.LogHelper  : HHH000204: Processing PersistenceUnitInfo [name: default]
2024-05-15T15:48:55.260+09:00  INFO 18448 --- [main] org.hibernate.Version                    : HHH000412: Hibernate ORM core version 6.4.4.Final
2024-05-15T15:48:55.345+09:00  INFO 18448 --- [main] o.h.c.internal.RegionFactoryInitiator    : HHH000026: Second-level cache disabled
2024-05-15T15:48:55.902+09:00  INFO 18448 --- [main] o.s.o.j.p.SpringPersistenceUnitInfo      : No LoadTimeWeaver setup: ignoring JPA class transformer
2024-05-15T15:48:55.950+09:00  INFO 18448 --- [main] com.zaxxer.hikari.HikariDataSource       : HikariPool-1 - Starting...
2024-05-15T15:48:56.419+09:00  INFO 18448 --- [main] com.zaxxer.hikari.pool.HikariPool        : HikariPool-1 - Added connection com.mysql.cj.jdbc.ConnectionImpl@6f7a20da
2024-05-15T15:48:56.419+09:00  INFO 18448 --- [main] com.zaxxer.hikari.HikariDataSource       : HikariPool-1 - Start completed.
2024-05-15T15:48:57.436+09:00  INFO 18448 --- [main] o.h.m.i.EntityInstantiatorPojoStandard   : HHH000182: No default (no-argument) constructor for class: com.example.discord.src.entity.Channel (class must be instantiated by Interceptor)
2024-05-15T15:48:57.676+09:00  INFO 18448 --- [main] o.h.e.t.j.p.i.JtaPlatformInitiator       : HHH000489: No JTA platform available (set 'hibernate.transaction.jta.platform' to enable JTA platform integration)
2024-05-15T15:48:57.741+09:00  INFO 18448 --- [main] j.LocalContainerEntityManagerFactoryBean : Initialized JPA EntityManagerFactory for persistence unit 'default'
2024-05-15T15:48:58.877+09:00  WARN 18448 --- [main] JpaBaseConfiguration$JpaWebConfiguration : spring.jpa.open-in-view is enabled by default. Therefore, database queries may be performed during view rendering. Explicitly configure spring.jpa.open-in-view to disable this warning
2024-05-15T15:49:00.122+09:00  INFO 18448 --- [main] c.e.d.s.UserServiceIntegrationTest       : Started UserServiceIntegrationTest in 7.987 seconds (process running for 9.612)
2024-05-15T15:49:01.049+09:00  INFO 18448 --- [main] c.e.discord.src.service.UserService      : user user6 created
2024-05-15T15:49:01.056+09:00  INFO 18448 --- [main] c.e.d.s.UserServiceIntegrationTest       : success: true
2024-05-15T15:49:01.057+09:00  INFO 18448 --- [main] c.e.d.s.UserServiceIntegrationTest       : code: 200
2024-05-15T15:49:01.057+09:00  INFO 18448 --- [main] c.e.d.s.UserServiceIntegrationTest       : message: 요청에 성공했습니다.
2024-05-15T15:49:01.057+09:00  INFO 18448 --- [main] c.e.d.s.UserServiceIntegrationTest       : result: 
2024-05-15T15:49:01.057+09:00  INFO 18448 --- [main] c.e.d.s.UserServiceIntegrationTest       : nickName: user6
2024-05-15T15:49:01.059+09:00  INFO 18448 --- [main] c.e.d.s.UserServiceIntegrationTest       : cookie: 15
2024-05-15T15:49:01.096+09:00  INFO 18448 --- [main] c.e.discord.src.service.UserService      : user user7 created
2024-05-15T15:49:01.096+09:00  INFO 18448 --- [main] c.e.d.s.UserServiceIntegrationTest       : userId: 16
2024-05-15T15:49:01.128+09:00  INFO 18448 --- [SpringApplicationShutdownHook] j.LocalContainerEntityManagerFactoryBean : Closing JPA EntityManagerFactory for persistence unit 'default'
2024-05-15T15:49:01.134+09:00  INFO 18448 --- [SpringApplicationShutdownHook] com.zaxxer.hikari.HikariDataSource       : HikariPool-1 - Shutdown initiated...
2024-05-15T15:49:01.160+09:00  INFO 18448 --- [SpringApplicationShutdownHook] com.zaxxer.hikari.HikariDataSource       : HikariPool-1 - Shutdown completed.
2024-05-15T15:53:43.498+09:00  INFO 19668 --- [main] c.e.d.s.UserServiceIntegrationTest       : Starting UserServiceIntegrationTest using Java 17.0.11 with PID 19668 (started by sojan in C:\Users\sojan\IdeaProjects\discord-backend)
2024-05-15T15:53:43.500+09:00  INFO 19668 --- [main] c.e.d.s.UserServiceIntegrationTest       : No active profile set, falling back to 1 default profile: "default"
2024-05-15T15:53:44.779+09:00  INFO 19668 --- [main] .s.d.r.c.RepositoryConfigurationDelegate : Bootstrapping Spring Data JPA repositories in DEFAULT mode.
2024-05-15T15:53:44.868+09:00  INFO 19668 --- [main] .s.d.r.c.RepositoryConfigurationDelegate : Finished Spring Data repository scanning in 86 ms. Found 2 JPA repository interfaces.
2024-05-15T15:53:45.788+09:00  INFO 19668 --- [main] o.hibernate.jpa.internal.util.LogHelper  : HHH000204: Processing PersistenceUnitInfo [name: default]
2024-05-15T15:53:45.922+09:00  INFO 19668 --- [main] org.hibernate.Version                    : HHH000412: Hibernate ORM core version 6.4.4.Final
2024-05-15T15:53:46.012+09:00  INFO 19668 --- [main] o.h.c.internal.RegionFactoryInitiator    : HHH000026: Second-level cache disabled
2024-05-15T15:53:46.543+09:00  INFO 19668 --- [main] o.s.o.j.p.SpringPersistenceUnitInfo      : No LoadTimeWeaver setup: ignoring JPA class transformer
2024-05-15T15:53:46.591+09:00  INFO 19668 --- [main] com.zaxxer.hikari.HikariDataSource       : HikariPool-1 - Starting...
2024-05-15T15:53:47.065+09:00  INFO 19668 --- [main] com.zaxxer.hikari.pool.HikariPool        : HikariPool-1 - Added connection com.mysql.cj.jdbc.ConnectionImpl@5613247e
2024-05-15T15:53:47.065+09:00  INFO 19668 --- [main] com.zaxxer.hikari.HikariDataSource       : HikariPool-1 - Start completed.
2024-05-15T15:53:48.054+09:00  INFO 19668 --- [main] o.h.m.i.EntityInstantiatorPojoStandard   : HHH000182: No default (no-argument) constructor for class: com.example.discord.src.entity.Channel (class must be instantiated by Interceptor)
2024-05-15T15:53:48.292+09:00  INFO 19668 --- [main] o.h.e.t.j.p.i.JtaPlatformInitiator       : HHH000489: No JTA platform available (set 'hibernate.transaction.jta.platform' to enable JTA platform integration)
2024-05-15T15:53:48.360+09:00  INFO 19668 --- [main] j.LocalContainerEntityManagerFactoryBean : Initialized JPA EntityManagerFactory for persistence unit 'default'
2024-05-15T15:53:49.439+09:00  WARN 19668 --- [main] JpaBaseConfiguration$JpaWebConfiguration : spring.jpa.open-in-view is enabled by default. Therefore, database queries may be performed during view rendering. Explicitly configure spring.jpa.open-in-view to disable this warning
2024-05-15T15:53:50.831+09:00  INFO 19668 --- [main] c.e.d.s.UserServiceIntegrationTest       : Started UserServiceIntegrationTest in 7.846 seconds (process running for 9.466)
2024-05-15T15:53:51.631+09:00  INFO 19668 --- [main] c.e.discord.src.service.UserService      : user user6 created
2024-05-15T15:53:51.633+09:00  INFO 19668 --- [main] c.e.d.s.UserServiceIntegrationTest       : success: true
2024-05-15T15:53:51.633+09:00  INFO 19668 --- [main] c.e.d.s.UserServiceIntegrationTest       : code: 200
2024-05-15T15:53:51.633+09:00  INFO 19668 --- [main] c.e.d.s.UserServiceIntegrationTest       : message: 요청에 성공했습니다.
2024-05-15T15:53:51.633+09:00  INFO 19668 --- [main] c.e.d.s.UserServiceIntegrationTest       : result: 
2024-05-15T15:53:51.633+09:00  INFO 19668 --- [main] c.e.d.s.UserServiceIntegrationTest       : nickName: user6
2024-05-15T15:53:51.633+09:00  INFO 19668 --- [main] c.e.d.s.UserServiceIntegrationTest       : cookie: 17
2024-05-15T15:53:51.660+09:00  INFO 19668 --- [SpringApplicationShutdownHook] j.LocalContainerEntityManagerFactoryBean : Closing JPA EntityManagerFactory for persistence unit 'default'
2024-05-15T15:53:51.660+09:00  INFO 19668 --- [SpringApplicationShutdownHook] com.zaxxer.hikari.HikariDataSource       : HikariPool-1 - Shutdown initiated...
2024-05-15T15:53:51.679+09:00  INFO 19668 --- [SpringApplicationShutdownHook] com.zaxxer.hikari.HikariDataSource       : HikariPool-1 - Shutdown completed.
2024-05-15T16:03:12.230+09:00  INFO 22968 --- [main] c.e.d.s.UserServiceIntegrationTest       : Starting UserServiceIntegrationTest using Java 17.0.11 with PID 22968 (started by sojan in C:\Users\sojan\IdeaProjects\discord-backend)
2024-05-15T16:03:12.234+09:00  INFO 22968 --- [main] c.e.d.s.UserServiceIntegrationTest       : No active profile set, falling back to 1 default profile: "default"
2024-05-15T16:03:13.571+09:00  INFO 22968 --- [main] .s.d.r.c.RepositoryConfigurationDelegate : Bootstrapping Spring Data JPA repositories in DEFAULT mode.
2024-05-15T16:03:13.666+09:00  INFO 22968 --- [main] .s.d.r.c.RepositoryConfigurationDelegate : Finished Spring Data repository scanning in 84 ms. Found 2 JPA repository interfaces.
2024-05-15T16:03:14.647+09:00  INFO 22968 --- [main] o.hibernate.jpa.internal.util.LogHelper  : HHH000204: Processing PersistenceUnitInfo [name: default]
2024-05-15T16:03:14.817+09:00  INFO 22968 --- [main] org.hibernate.Version                    : HHH000412: Hibernate ORM core version 6.4.4.Final
2024-05-15T16:03:14.896+09:00  INFO 22968 --- [main] o.h.c.internal.RegionFactoryInitiator    : HHH000026: Second-level cache disabled
2024-05-15T16:03:15.481+09:00  INFO 22968 --- [main] o.s.o.j.p.SpringPersistenceUnitInfo      : No LoadTimeWeaver setup: ignoring JPA class transformer
2024-05-15T16:03:15.563+09:00  INFO 22968 --- [main] com.zaxxer.hikari.HikariDataSource       : HikariPool-1 - Starting...
2024-05-15T16:03:16.017+09:00  INFO 22968 --- [main] com.zaxxer.hikari.pool.HikariPool        : HikariPool-1 - Added connection com.mysql.cj.jdbc.ConnectionImpl@ff21443
2024-05-15T16:03:16.017+09:00  INFO 22968 --- [main] com.zaxxer.hikari.HikariDataSource       : HikariPool-1 - Start completed.
2024-05-15T16:03:17.107+09:00  INFO 22968 --- [main] o.h.m.i.EntityInstantiatorPojoStandard   : HHH000182: No default (no-argument) constructor for class: com.example.discord.src.entity.Channel (class must be instantiated by Interceptor)
2024-05-15T16:03:17.338+09:00  INFO 22968 --- [main] o.h.e.t.j.p.i.JtaPlatformInitiator       : HHH000489: No JTA platform available (set 'hibernate.transaction.jta.platform' to enable JTA platform integration)
2024-05-15T16:03:17.401+09:00  INFO 22968 --- [main] j.LocalContainerEntityManagerFactoryBean : Initialized JPA EntityManagerFactory for persistence unit 'default'
2024-05-15T16:03:18.537+09:00  WARN 22968 --- [main] JpaBaseConfiguration$JpaWebConfiguration : spring.jpa.open-in-view is enabled by default. Therefore, database queries may be performed during view rendering. Explicitly configure spring.jpa.open-in-view to disable this warning
2024-05-15T16:03:19.807+09:00  INFO 22968 --- [main] c.e.d.s.UserServiceIntegrationTest       : Started UserServiceIntegrationTest in 8.079 seconds (process running for 9.716)
2024-05-15T16:03:20.820+09:00  INFO 22968 --- [main] c.e.discord.src.service.UserService      : user user6 created
2024-05-15T16:03:20.823+09:00  INFO 22968 --- [main] c.e.d.s.UserServiceIntegrationTest       : success: true
2024-05-15T16:03:20.825+09:00  INFO 22968 --- [main] c.e.d.s.UserServiceIntegrationTest       : code: 200
2024-05-15T16:03:20.825+09:00  INFO 22968 --- [main] c.e.d.s.UserServiceIntegrationTest       : message: 요청에 성공했습니다.
2024-05-15T16:03:20.825+09:00  INFO 22968 --- [main] c.e.d.s.UserServiceIntegrationTest       : result: 
2024-05-15T16:03:20.825+09:00  INFO 22968 --- [main] c.e.d.s.UserServiceIntegrationTest       : nickName: user6
2024-05-15T16:03:20.825+09:00  INFO 22968 --- [main] c.e.d.s.UserServiceIntegrationTest       : cookie: 18
2024-05-15T16:03:20.841+09:00  INFO 22968 --- [SpringApplicationShutdownHook] j.LocalContainerEntityManagerFactoryBean : Closing JPA EntityManagerFactory for persistence unit 'default'
2024-05-15T16:03:20.841+09:00  INFO 22968 --- [SpringApplicationShutdownHook] com.zaxxer.hikari.HikariDataSource       : HikariPool-1 - Shutdown initiated...
2024-05-15T16:03:20.864+09:00  INFO 22968 --- [SpringApplicationShutdownHook] com.zaxxer.hikari.HikariDataSource       : HikariPool-1 - Shutdown completed.
2024-05-15T16:12:13.468+09:00  INFO 1084 --- [main] c.e.d.s.UserServiceIntegrationTest       : Starting UserServiceIntegrationTest using Java 17.0.11 with PID 1084 (started by sojan in C:\Users\sojan\IdeaProjects\discord-backend)
2024-05-15T16:12:13.483+09:00  INFO 1084 --- [main] c.e.d.s.UserServiceIntegrationTest       : No active profile set, falling back to 1 default profile: "default"
2024-05-15T16:12:14.613+09:00  INFO 1084 --- [main] .s.d.r.c.RepositoryConfigurationDelegate : Bootstrapping Spring Data JPA repositories in DEFAULT mode.
2024-05-15T16:12:14.704+09:00  INFO 1084 --- [main] .s.d.r.c.RepositoryConfigurationDelegate : Finished Spring Data repository scanning in 74 ms. Found 2 JPA repository interfaces.
2024-05-15T16:12:15.523+09:00  INFO 1084 --- [main] o.hibernate.jpa.internal.util.LogHelper  : HHH000204: Processing PersistenceUnitInfo [name: default]
2024-05-15T16:12:15.588+09:00  INFO 1084 --- [main] org.hibernate.Version                    : HHH000412: Hibernate ORM core version 6.4.4.Final
2024-05-15T16:12:15.666+09:00  INFO 1084 --- [main] o.h.c.internal.RegionFactoryInitiator    : HHH000026: Second-level cache disabled
2024-05-15T16:12:16.157+09:00  INFO 1084 --- [main] o.s.o.j.p.SpringPersistenceUnitInfo      : No LoadTimeWeaver setup: ignoring JPA class transformer
2024-05-15T16:12:16.189+09:00  INFO 1084 --- [main] com.zaxxer.hikari.HikariDataSource       : HikariPool-1 - Starting...
2024-05-15T16:12:16.618+09:00  INFO 1084 --- [main] com.zaxxer.hikari.pool.HikariPool        : HikariPool-1 - Added connection com.mysql.cj.jdbc.ConnectionImpl@2fb48970
2024-05-15T16:12:16.621+09:00  INFO 1084 --- [main] com.zaxxer.hikari.HikariDataSource       : HikariPool-1 - Start completed.
2024-05-15T16:12:17.533+09:00  INFO 1084 --- [main] o.h.m.i.EntityInstantiatorPojoStandard   : HHH000182: No default (no-argument) constructor for class: com.example.discord.src.entity.Channel (class must be instantiated by Interceptor)
2024-05-15T16:12:17.756+09:00  INFO 1084 --- [main] o.h.e.t.j.p.i.JtaPlatformInitiator       : HHH000489: No JTA platform available (set 'hibernate.transaction.jta.platform' to enable JTA platform integration)
2024-05-15T16:12:17.819+09:00  INFO 1084 --- [main] j.LocalContainerEntityManagerFactoryBean : Initialized JPA EntityManagerFactory for persistence unit 'default'
2024-05-15T16:12:18.816+09:00  WARN 1084 --- [main] JpaBaseConfiguration$JpaWebConfiguration : spring.jpa.open-in-view is enabled by default. Therefore, database queries may be performed during view rendering. Explicitly configure spring.jpa.open-in-view to disable this warning
2024-05-15T16:12:20.182+09:00  INFO 1084 --- [main] c.e.d.s.UserServiceIntegrationTest       : Started UserServiceIntegrationTest in 7.179 seconds (process running for 8.491)
2024-05-15T16:12:21.083+09:00  INFO 1084 --- [main] c.e.discord.src.service.UserService      : user user7 created
2024-05-15T16:12:21.083+09:00  INFO 1084 --- [main] c.e.d.s.UserServiceIntegrationTest       : success: true
2024-05-15T16:12:21.083+09:00  INFO 1084 --- [main] c.e.d.s.UserServiceIntegrationTest       : code: 200
2024-05-15T16:12:21.083+09:00  INFO 1084 --- [main] c.e.d.s.UserServiceIntegrationTest       : message: 요청에 성공했습니다.
2024-05-15T16:12:21.083+09:00  INFO 1084 --- [main] c.e.d.s.UserServiceIntegrationTest       : result: 
2024-05-15T16:12:21.083+09:00  INFO 1084 --- [main] c.e.d.s.UserServiceIntegrationTest       : nickName: user7
2024-05-15T16:12:21.083+09:00  INFO 1084 --- [main] c.e.d.s.UserServiceIntegrationTest       : cookie: 19
2024-05-15T16:12:21.118+09:00  INFO 1084 --- [SpringApplicationShutdownHook] j.LocalContainerEntityManagerFactoryBean : Closing JPA EntityManagerFactory for persistence unit 'default'
2024-05-15T16:12:21.118+09:00  INFO 1084 --- [SpringApplicationShutdownHook] com.zaxxer.hikari.HikariDataSource       : HikariPool-1 - Shutdown initiated...
2024-05-15T16:12:21.132+09:00  INFO 1084 --- [SpringApplicationShutdownHook] com.zaxxer.hikari.HikariDataSource       : HikariPool-1 - Shutdown completed.
2024-05-15T16:26:41.588+09:00  INFO 26996 --- [main] com.example.discord.DiscordApplication   : Starting DiscordApplication using Java 17.0.11 with PID 26996 (C:\Users\sojan\IdeaProjects\discord-backend\out\production\classes started by sojan in C:\Users\sojan\IdeaProjects\discord-backend)
2024-05-15T16:26:41.595+09:00  INFO 26996 --- [main] com.example.discord.DiscordApplication   : No active profile set, falling back to 1 default profile: "default"
2024-05-15T16:26:42.892+09:00  INFO 26996 --- [main] .s.d.r.c.RepositoryConfigurationDelegate : Bootstrapping Spring Data JPA repositories in DEFAULT mode.
2024-05-15T16:26:43.005+09:00  INFO 26996 --- [main] .s.d.r.c.RepositoryConfigurationDelegate : Finished Spring Data repository scanning in 77 ms. Found 2 JPA repository interfaces.
2024-05-15T16:26:44.093+09:00  INFO 26996 --- [main] o.s.b.w.embedded.tomcat.TomcatWebServer  : Tomcat initialized with port 8080 (http)
2024-05-15T16:26:44.109+09:00  INFO 26996 --- [main] o.apache.catalina.core.StandardService   : Starting service [Tomcat]
2024-05-15T16:26:44.109+09:00  INFO 26996 --- [main] o.apache.catalina.core.StandardEngine    : Starting Servlet engine: [Apache Tomcat/10.1.20]
2024-05-15T16:26:44.269+09:00  INFO 26996 --- [main] o.a.c.c.C.[Tomcat].[localhost].[/]       : Initializing Spring embedded WebApplicationContext
2024-05-15T16:26:44.269+09:00  INFO 26996 --- [main] w.s.c.ServletWebServerApplicationContext : Root WebApplicationContext: initialization completed in 2605 ms
2024-05-15T16:26:44.552+09:00  INFO 26996 --- [main] o.hibernate.jpa.internal.util.LogHelper  : HHH000204: Processing PersistenceUnitInfo [name: default]
2024-05-15T16:26:44.630+09:00  INFO 26996 --- [main] org.hibernate.Version                    : HHH000412: Hibernate ORM core version 6.4.4.Final
2024-05-15T16:26:44.664+09:00  INFO 26996 --- [main] o.h.c.internal.RegionFactoryInitiator    : HHH000026: Second-level cache disabled
2024-05-15T16:26:44.988+09:00  INFO 26996 --- [main] o.s.o.j.p.SpringPersistenceUnitInfo      : No LoadTimeWeaver setup: ignoring JPA class transformer
2024-05-15T16:26:45.014+09:00  INFO 26996 --- [main] com.zaxxer.hikari.HikariDataSource       : HikariPool-1 - Starting...
2024-05-15T16:26:45.465+09:00  INFO 26996 --- [main] com.zaxxer.hikari.pool.HikariPool        : HikariPool-1 - Added connection com.mysql.cj.jdbc.ConnectionImpl@258a8584
2024-05-15T16:26:45.473+09:00  INFO 26996 --- [main] com.zaxxer.hikari.HikariDataSource       : HikariPool-1 - Start completed.
2024-05-15T16:26:46.371+09:00  INFO 26996 --- [main] o.h.m.i.EntityInstantiatorPojoStandard   : HHH000182: No default (no-argument) constructor for class: com.example.discord.src.entity.Channel (class must be instantiated by Interceptor)
2024-05-15T16:26:46.559+09:00  INFO 26996 --- [main] o.h.e.t.j.p.i.JtaPlatformInitiator       : HHH000489: No JTA platform available (set 'hibernate.transaction.jta.platform' to enable JTA platform integration)
2024-05-15T16:26:46.624+09:00  INFO 26996 --- [main] j.LocalContainerEntityManagerFactoryBean : Initialized JPA EntityManagerFactory for persistence unit 'default'
2024-05-15T16:26:47.449+09:00  WARN 26996 --- [main] JpaBaseConfiguration$JpaWebConfiguration : spring.jpa.open-in-view is enabled by default. Therefore, database queries may be performed during view rendering. Explicitly configure spring.jpa.open-in-view to disable this warning
2024-05-15T16:26:48.647+09:00  INFO 26996 --- [main] o.s.b.w.embedded.tomcat.TomcatWebServer  : Tomcat started on port 8080 (http) with context path ''
2024-05-15T16:26:48.667+09:00  INFO 26996 --- [main] com.example.discord.DiscordApplication   : Started DiscordApplication in 7.833 seconds (process running for 8.403)
2024-05-15T16:27:09.870+09:00  INFO 26996 --- [http-nio-8080-exec-1] o.a.c.c.C.[Tomcat].[localhost].[/]       : Initializing Spring DispatcherServlet 'dispatcherServlet'
2024-05-15T16:27:09.870+09:00  INFO 26996 --- [http-nio-8080-exec-1] o.s.web.servlet.DispatcherServlet        : Initializing Servlet 'dispatcherServlet'
2024-05-15T16:27:09.870+09:00  INFO 26996 --- [http-nio-8080-exec-1] o.s.web.servlet.DispatcherServlet        : Completed initialization in 0 ms
2024-05-15T16:27:10.886+09:00  INFO 26996 --- [http-nio-8080-exec-8] o.springdoc.api.AbstractOpenApiResource  : Init duration for springdoc-openapi is: 462 ms
2024-05-15T17:12:49.344+09:00  INFO 26996 --- [SpringApplicationShutdownHook] j.LocalContainerEntityManagerFactoryBean : Closing JPA EntityManagerFactory for persistence unit 'default'
2024-05-15T17:12:49.347+09:00  INFO 26996 --- [SpringApplicationShutdownHook] com.zaxxer.hikari.HikariDataSource       : HikariPool-1 - Shutdown initiated...
2024-05-15T17:12:49.360+09:00  INFO 26996 --- [SpringApplicationShutdownHook] com.zaxxer.hikari.HikariDataSource       : HikariPool-1 - Shutdown completed.
2024-05-15T17:12:55.005+09:00  INFO 19308 --- [main] com.example.discord.DiscordApplication   : Starting DiscordApplication using Java 17.0.11 with PID 19308 (C:\Users\sojan\IdeaProjects\discord-backend\out\production\classes started by sojan in C:\Users\sojan\IdeaProjects\discord-backend)
2024-05-15T17:12:55.010+09:00  INFO 19308 --- [main] com.example.discord.DiscordApplication   : No active profile set, falling back to 1 default profile: "default"
2024-05-15T17:12:56.358+09:00  INFO 19308 --- [main] .s.d.r.c.RepositoryConfigurationDelegate : Bootstrapping Spring Data JPA repositories in DEFAULT mode.
2024-05-15T17:12:56.464+09:00  INFO 19308 --- [main] .s.d.r.c.RepositoryConfigurationDelegate : Finished Spring Data repository scanning in 88 ms. Found 2 JPA repository interfaces.
2024-05-15T17:12:57.470+09:00  INFO 19308 --- [main] o.s.b.w.embedded.tomcat.TomcatWebServer  : Tomcat initialized with port 8080 (http)
2024-05-15T17:12:57.496+09:00  INFO 19308 --- [main] o.apache.catalina.core.StandardService   : Starting service [Tomcat]
2024-05-15T17:12:57.496+09:00  INFO 19308 --- [main] o.apache.catalina.core.StandardEngine    : Starting Servlet engine: [Apache Tomcat/10.1.20]
2024-05-15T17:12:57.589+09:00  INFO 19308 --- [main] o.a.c.c.C.[Tomcat].[localhost].[/]       : Initializing Spring embedded WebApplicationContext
2024-05-15T17:12:57.592+09:00  INFO 19308 --- [main] w.s.c.ServletWebServerApplicationContext : Root WebApplicationContext: initialization completed in 2509 ms
2024-05-15T17:12:57.963+09:00  INFO 19308 --- [main] o.hibernate.jpa.internal.util.LogHelper  : HHH000204: Processing PersistenceUnitInfo [name: default]
2024-05-15T17:12:58.055+09:00  INFO 19308 --- [main] org.hibernate.Version                    : HHH000412: Hibernate ORM core version 6.4.4.Final
2024-05-15T17:12:58.088+09:00  INFO 19308 --- [main] o.h.c.internal.RegionFactoryInitiator    : HHH000026: Second-level cache disabled
2024-05-15T17:12:58.450+09:00  INFO 19308 --- [main] o.s.o.j.p.SpringPersistenceUnitInfo      : No LoadTimeWeaver setup: ignoring JPA class transformer
2024-05-15T17:12:58.468+09:00  INFO 19308 --- [main] com.zaxxer.hikari.HikariDataSource       : HikariPool-1 - Starting...
2024-05-15T17:12:58.850+09:00  INFO 19308 --- [main] com.zaxxer.hikari.pool.HikariPool        : HikariPool-1 - Added connection com.mysql.cj.jdbc.ConnectionImpl@16391278
2024-05-15T17:12:58.850+09:00  INFO 19308 --- [main] com.zaxxer.hikari.HikariDataSource       : HikariPool-1 - Start completed.
2024-05-15T17:13:00.010+09:00  INFO 19308 --- [main] o.h.e.t.j.p.i.JtaPlatformInitiator       : HHH000489: No JTA platform available (set 'hibernate.transaction.jta.platform' to enable JTA platform integration)
2024-05-15T17:13:00.068+09:00  INFO 19308 --- [main] j.LocalContainerEntityManagerFactoryBean : Initialized JPA EntityManagerFactory for persistence unit 'default'
2024-05-15T17:13:00.840+09:00  WARN 19308 --- [main] JpaBaseConfiguration$JpaWebConfiguration : spring.jpa.open-in-view is enabled by default. Therefore, database queries may be performed during view rendering. Explicitly configure spring.jpa.open-in-view to disable this warning
2024-05-15T17:13:01.881+09:00  INFO 19308 --- [main] o.s.b.w.embedded.tomcat.TomcatWebServer  : Tomcat started on port 8080 (http) with context path ''
2024-05-15T17:13:01.901+09:00  INFO 19308 --- [main] com.example.discord.DiscordApplication   : Started DiscordApplication in 7.598 seconds (process running for 8.139)
2024-05-15T17:14:09.574+09:00  INFO 19308 --- [http-nio-8080-exec-2] o.a.c.c.C.[Tomcat].[localhost].[/]       : Initializing Spring DispatcherServlet 'dispatcherServlet'
2024-05-15T17:14:09.574+09:00  INFO 19308 --- [http-nio-8080-exec-2] o.s.web.servlet.DispatcherServlet        : Initializing Servlet 'dispatcherServlet'
2024-05-15T17:14:09.577+09:00  INFO 19308 --- [http-nio-8080-exec-2] o.s.web.servlet.DispatcherServlet        : Completed initialization in 3 ms
2024-05-15T17:14:10.369+09:00  INFO 19308 --- [http-nio-8080-exec-1] o.springdoc.api.AbstractOpenApiResource  : Init duration for springdoc-openapi is: 484 ms
2024-05-15T17:38:22.102+09:00  INFO 19308 --- [SpringApplicationShutdownHook] j.LocalContainerEntityManagerFactoryBean : Closing JPA EntityManagerFactory for persistence unit 'default'
2024-05-15T17:38:22.102+09:00  INFO 19308 --- [SpringApplicationShutdownHook] com.zaxxer.hikari.HikariDataSource       : HikariPool-1 - Shutdown initiated...
2024-05-15T17:38:22.119+09:00  INFO 19308 --- [SpringApplicationShutdownHook] com.zaxxer.hikari.HikariDataSource       : HikariPool-1 - Shutdown completed.
2024-05-15T17:38:41.231+09:00  INFO 14188 --- [main] c.e.d.s.ChannelServiceIntegrationTest    : Starting ChannelServiceIntegrationTest using Java 17.0.11 with PID 14188 (started by sojan in C:\Users\sojan\IdeaProjects\discord-backend)
2024-05-15T17:38:41.231+09:00  INFO 14188 --- [main] c.e.d.s.ChannelServiceIntegrationTest    : No active profile set, falling back to 1 default profile: "default"
2024-05-15T17:38:42.387+09:00  INFO 14188 --- [main] .s.d.r.c.RepositoryConfigurationDelegate : Bootstrapping Spring Data JPA repositories in DEFAULT mode.
2024-05-15T17:38:42.504+09:00  INFO 14188 --- [main] .s.d.r.c.RepositoryConfigurationDelegate : Finished Spring Data repository scanning in 105 ms. Found 2 JPA repository interfaces.
2024-05-15T17:38:43.291+09:00  INFO 14188 --- [main] o.hibernate.jpa.internal.util.LogHelper  : HHH000204: Processing PersistenceUnitInfo [name: default]
2024-05-15T17:38:43.399+09:00  INFO 14188 --- [main] org.hibernate.Version                    : HHH000412: Hibernate ORM core version 6.4.4.Final
2024-05-15T17:38:43.478+09:00  INFO 14188 --- [main] o.h.c.internal.RegionFactoryInitiator    : HHH000026: Second-level cache disabled
2024-05-15T17:38:43.978+09:00  INFO 14188 --- [main] o.s.o.j.p.SpringPersistenceUnitInfo      : No LoadTimeWeaver setup: ignoring JPA class transformer
2024-05-15T17:38:44.017+09:00  INFO 14188 --- [main] com.zaxxer.hikari.HikariDataSource       : HikariPool-1 - Starting...
2024-05-15T17:38:44.432+09:00  INFO 14188 --- [main] com.zaxxer.hikari.pool.HikariPool        : HikariPool-1 - Added connection com.mysql.cj.jdbc.ConnectionImpl@147c00aa
2024-05-15T17:38:44.434+09:00  INFO 14188 --- [main] com.zaxxer.hikari.HikariDataSource       : HikariPool-1 - Start completed.
2024-05-15T17:38:45.530+09:00  INFO 14188 --- [main] o.h.e.t.j.p.i.JtaPlatformInitiator       : HHH000489: No JTA platform available (set 'hibernate.transaction.jta.platform' to enable JTA platform integration)
2024-05-15T17:38:45.577+09:00  INFO 14188 --- [main] j.LocalContainerEntityManagerFactoryBean : Initialized JPA EntityManagerFactory for persistence unit 'default'
2024-05-15T17:38:46.591+09:00  WARN 14188 --- [main] JpaBaseConfiguration$JpaWebConfiguration : spring.jpa.open-in-view is enabled by default. Therefore, database queries may be performed during view rendering. Explicitly configure spring.jpa.open-in-view to disable this warning
2024-05-15T17:38:47.744+09:00  INFO 14188 --- [main] c.e.d.s.ChannelServiceIntegrationTest    : Started ChannelServiceIntegrationTest in 6.962 seconds (process running for 8.324)
2024-05-15T17:38:48.557+09:00  INFO 14188 --- [SpringApplicationShutdownHook] j.LocalContainerEntityManagerFactoryBean : Closing JPA EntityManagerFactory for persistence unit 'default'
2024-05-15T17:38:48.560+09:00  INFO 14188 --- [SpringApplicationShutdownHook] com.zaxxer.hikari.HikariDataSource       : HikariPool-1 - Shutdown initiated...
2024-05-15T17:38:48.576+09:00  INFO 14188 --- [SpringApplicationShutdownHook] com.zaxxer.hikari.HikariDataSource       : HikariPool-1 - Shutdown completed.
2024-05-15T17:44:59.291+09:00  INFO 19656 --- [main] c.e.d.s.ChannelServiceIntegrationTest    : Starting ChannelServiceIntegrationTest using Java 17.0.11 with PID 19656 (started by sojan in C:\Users\sojan\IdeaProjects\discord-backend)
2024-05-15T17:44:59.298+09:00  INFO 19656 --- [main] c.e.d.s.ChannelServiceIntegrationTest    : No active profile set, falling back to 1 default profile: "default"
2024-05-15T17:45:00.567+09:00  INFO 19656 --- [main] .s.d.r.c.RepositoryConfigurationDelegate : Bootstrapping Spring Data JPA repositories in DEFAULT mode.
2024-05-15T17:45:00.695+09:00  INFO 19656 --- [main] .s.d.r.c.RepositoryConfigurationDelegate : Finished Spring Data repository scanning in 97 ms. Found 2 JPA repository interfaces.
2024-05-15T17:45:01.469+09:00  INFO 19656 --- [main] o.hibernate.jpa.internal.util.LogHelper  : HHH000204: Processing PersistenceUnitInfo [name: default]
2024-05-15T17:45:01.578+09:00  INFO 19656 --- [main] org.hibernate.Version                    : HHH000412: Hibernate ORM core version 6.4.4.Final
2024-05-15T17:45:01.626+09:00  INFO 19656 --- [main] o.h.c.internal.RegionFactoryInitiator    : HHH000026: Second-level cache disabled
2024-05-15T17:45:02.148+09:00  INFO 19656 --- [main] o.s.o.j.p.SpringPersistenceUnitInfo      : No LoadTimeWeaver setup: ignoring JPA class transformer
2024-05-15T17:45:02.194+09:00  INFO 19656 --- [main] com.zaxxer.hikari.HikariDataSource       : HikariPool-1 - Starting...
2024-05-15T17:45:02.647+09:00  INFO 19656 --- [main] com.zaxxer.hikari.pool.HikariPool        : HikariPool-1 - Added connection com.mysql.cj.jdbc.ConnectionImpl@1c171746
2024-05-15T17:45:02.651+09:00  INFO 19656 --- [main] com.zaxxer.hikari.HikariDataSource       : HikariPool-1 - Start completed.
2024-05-15T17:45:03.767+09:00  INFO 19656 --- [main] o.h.e.t.j.p.i.JtaPlatformInitiator       : HHH000489: No JTA platform available (set 'hibernate.transaction.jta.platform' to enable JTA platform integration)
2024-05-15T17:45:03.818+09:00  INFO 19656 --- [main] j.LocalContainerEntityManagerFactoryBean : Initialized JPA EntityManagerFactory for persistence unit 'default'
2024-05-15T17:45:04.883+09:00  WARN 19656 --- [main] JpaBaseConfiguration$JpaWebConfiguration : spring.jpa.open-in-view is enabled by default. Therefore, database queries may be performed during view rendering. Explicitly configure spring.jpa.open-in-view to disable this warning
2024-05-15T17:45:06.188+09:00  INFO 19656 --- [main] c.e.d.s.ChannelServiceIntegrationTest    : Started ChannelServiceIntegrationTest in 7.39 seconds (process running for 8.731)
2024-05-15T17:45:07.221+09:00  INFO 19656 --- [main] c.e.discord.src.service.ChannelService   : channel 채널1 created
2024-05-15T17:45:07.224+09:00  INFO 19656 --- [main] c.e.d.s.ChannelServiceIntegrationTest    : success: true
2024-05-15T17:45:07.224+09:00  INFO 19656 --- [main] c.e.d.s.ChannelServiceIntegrationTest    : code: 200
2024-05-15T17:45:07.224+09:00  INFO 19656 --- [main] c.e.d.s.ChannelServiceIntegrationTest    : message: 요청에 성공했습니다.
2024-05-15T17:45:07.224+09:00  INFO 19656 --- [main] c.e.d.s.ChannelServiceIntegrationTest    : result: 
2024-05-15T17:45:07.224+09:00  INFO 19656 --- [main] c.e.d.s.ChannelServiceIntegrationTest    : channelId: 1
2024-05-15T17:45:07.224+09:00  INFO 19656 --- [main] c.e.d.s.ChannelServiceIntegrationTest    : channelName: 채널1
2024-05-15T17:45:07.245+09:00  INFO 19656 --- [SpringApplicationShutdownHook] j.LocalContainerEntityManagerFactoryBean : Closing JPA EntityManagerFactory for persistence unit 'default'
2024-05-15T17:45:07.249+09:00  INFO 19656 --- [SpringApplicationShutdownHook] com.zaxxer.hikari.HikariDataSource       : HikariPool-1 - Shutdown initiated...
2024-05-15T17:45:07.262+09:00  INFO 19656 --- [SpringApplicationShutdownHook] com.zaxxer.hikari.HikariDataSource       : HikariPool-1 - Shutdown completed.
2024-05-15T17:45:42.274+09:00  INFO 28536 --- [main] c.e.d.s.ChannelServiceIntegrationTest    : Starting ChannelServiceIntegrationTest using Java 17.0.11 with PID 28536 (started by sojan in C:\Users\sojan\IdeaProjects\discord-backend)
2024-05-15T17:45:42.274+09:00  INFO 28536 --- [main] c.e.d.s.ChannelServiceIntegrationTest    : No active profile set, falling back to 1 default profile: "default"
2024-05-15T17:45:43.503+09:00  INFO 28536 --- [main] .s.d.r.c.RepositoryConfigurationDelegate : Bootstrapping Spring Data JPA repositories in DEFAULT mode.
2024-05-15T17:45:43.626+09:00  INFO 28536 --- [main] .s.d.r.c.RepositoryConfigurationDelegate : Finished Spring Data repository scanning in 99 ms. Found 2 JPA repository interfaces.
2024-05-15T17:45:44.470+09:00  INFO 28536 --- [main] o.hibernate.jpa.internal.util.LogHelper  : HHH000204: Processing PersistenceUnitInfo [name: default]
2024-05-15T17:45:44.596+09:00  INFO 28536 --- [main] org.hibernate.Version                    : HHH000412: Hibernate ORM core version 6.4.4.Final
2024-05-15T17:45:44.675+09:00  INFO 28536 --- [main] o.h.c.internal.RegionFactoryInitiator    : HHH000026: Second-level cache disabled
2024-05-15T17:45:45.109+09:00  INFO 28536 --- [main] o.s.o.j.p.SpringPersistenceUnitInfo      : No LoadTimeWeaver setup: ignoring JPA class transformer
2024-05-15T17:45:45.137+09:00  INFO 28536 --- [main] com.zaxxer.hikari.HikariDataSource       : HikariPool-1 - Starting...
2024-05-15T17:45:45.616+09:00  INFO 28536 --- [main] com.zaxxer.hikari.pool.HikariPool        : HikariPool-1 - Added connection com.mysql.cj.jdbc.ConnectionImpl@ff5d4f1
2024-05-15T17:45:45.616+09:00  INFO 28536 --- [main] com.zaxxer.hikari.HikariDataSource       : HikariPool-1 - Start completed.
2024-05-15T17:45:46.738+09:00  INFO 28536 --- [main] o.h.e.t.j.p.i.JtaPlatformInitiator       : HHH000489: No JTA platform available (set 'hibernate.transaction.jta.platform' to enable JTA platform integration)
2024-05-15T17:45:46.787+09:00  INFO 28536 --- [main] j.LocalContainerEntityManagerFactoryBean : Initialized JPA EntityManagerFactory for persistence unit 'default'
2024-05-15T17:45:47.829+09:00  WARN 28536 --- [main] JpaBaseConfiguration$JpaWebConfiguration : spring.jpa.open-in-view is enabled by default. Therefore, database queries may be performed during view rendering. Explicitly configure spring.jpa.open-in-view to disable this warning
2024-05-15T17:45:49.072+09:00  INFO 28536 --- [main] c.e.d.s.ChannelServiceIntegrationTest    : Started ChannelServiceIntegrationTest in 7.249 seconds (process running for 8.623)
2024-05-15T17:45:50.116+09:00  INFO 28536 --- [main] c.e.d.s.ChannelServiceIntegrationTest    : success: false
2024-05-15T17:45:50.116+09:00  INFO 28536 --- [main] c.e.d.s.ChannelServiceIntegrationTest    : code: 404
2024-05-15T17:45:50.116+09:00  INFO 28536 --- [main] c.e.d.s.ChannelServiceIntegrationTest    : message: 중복된 채널명입니다.
2024-05-15T17:45:50.148+09:00  INFO 28536 --- [SpringApplicationShutdownHook] j.LocalContainerEntityManagerFactoryBean : Closing JPA EntityManagerFactory for persistence unit 'default'
2024-05-15T17:45:50.148+09:00  INFO 28536 --- [SpringApplicationShutdownHook] com.zaxxer.hikari.HikariDataSource       : HikariPool-1 - Shutdown initiated...
2024-05-15T17:45:50.176+09:00  INFO 28536 --- [SpringApplicationShutdownHook] com.zaxxer.hikari.HikariDataSource       : HikariPool-1 - Shutdown completed.
2024-05-15T17:46:31.523+09:00  INFO 12892 --- [main] c.e.d.s.UserServiceIntegrationTest       : Starting UserServiceIntegrationTest using Java 17.0.11 with PID 12892 (started by sojan in C:\Users\sojan\IdeaProjects\discord-backend)
2024-05-15T17:46:31.523+09:00  INFO 12892 --- [main] c.e.d.s.UserServiceIntegrationTest       : No active profile set, falling back to 1 default profile: "default"
2024-05-15T17:46:32.686+09:00  INFO 12892 --- [main] .s.d.r.c.RepositoryConfigurationDelegate : Bootstrapping Spring Data JPA repositories in DEFAULT mode.
2024-05-15T17:46:32.783+09:00  INFO 12892 --- [main] .s.d.r.c.RepositoryConfigurationDelegate : Finished Spring Data repository scanning in 71 ms. Found 2 JPA repository interfaces.
2024-05-15T17:46:33.560+09:00  INFO 12892 --- [main] o.hibernate.jpa.internal.util.LogHelper  : HHH000204: Processing PersistenceUnitInfo [name: default]
2024-05-15T17:46:33.649+09:00  INFO 12892 --- [main] org.hibernate.Version                    : HHH000412: Hibernate ORM core version 6.4.4.Final
2024-05-15T17:46:33.714+09:00  INFO 12892 --- [main] o.h.c.internal.RegionFactoryInitiator    : HHH000026: Second-level cache disabled
2024-05-15T17:46:34.156+09:00  INFO 12892 --- [main] o.s.o.j.p.SpringPersistenceUnitInfo      : No LoadTimeWeaver setup: ignoring JPA class transformer
2024-05-15T17:46:34.188+09:00  INFO 12892 --- [main] com.zaxxer.hikari.HikariDataSource       : HikariPool-1 - Starting...
2024-05-15T17:46:34.585+09:00  INFO 12892 --- [main] com.zaxxer.hikari.pool.HikariPool        : HikariPool-1 - Added connection com.mysql.cj.jdbc.ConnectionImpl@2d07aacc
2024-05-15T17:46:34.599+09:00  INFO 12892 --- [main] com.zaxxer.hikari.HikariDataSource       : HikariPool-1 - Start completed.
2024-05-15T17:46:35.765+09:00  INFO 12892 --- [main] o.h.e.t.j.p.i.JtaPlatformInitiator       : HHH000489: No JTA platform available (set 'hibernate.transaction.jta.platform' to enable JTA platform integration)
2024-05-15T17:46:35.832+09:00  INFO 12892 --- [main] j.LocalContainerEntityManagerFactoryBean : Initialized JPA EntityManagerFactory for persistence unit 'default'
2024-05-15T17:46:36.953+09:00  WARN 12892 --- [main] JpaBaseConfiguration$JpaWebConfiguration : spring.jpa.open-in-view is enabled by default. Therefore, database queries may be performed during view rendering. Explicitly configure spring.jpa.open-in-view to disable this warning
2024-05-15T17:46:38.242+09:00  INFO 12892 --- [main] c.e.d.s.UserServiceIntegrationTest       : Started UserServiceIntegrationTest in 7.213 seconds (process running for 8.584)
2024-05-15T17:46:39.154+09:00  INFO 12892 --- [main] c.e.d.s.UserServiceIntegrationTest       : success: false
2024-05-15T17:46:39.159+09:00  INFO 12892 --- [main] c.e.d.s.UserServiceIntegrationTest       : code: 404
2024-05-15T17:46:39.159+09:00  INFO 12892 --- [main] c.e.d.s.UserServiceIntegrationTest       : message: 중복된 유저이름입니다.
2024-05-15T17:46:39.178+09:00  INFO 12892 --- [SpringApplicationShutdownHook] j.LocalContainerEntityManagerFactoryBean : Closing JPA EntityManagerFactory for persistence unit 'default'
2024-05-15T17:46:39.185+09:00  INFO 12892 --- [SpringApplicationShutdownHook] com.zaxxer.hikari.HikariDataSource       : HikariPool-1 - Shutdown initiated...
2024-05-15T17:46:39.201+09:00  INFO 12892 --- [SpringApplicationShutdownHook] com.zaxxer.hikari.HikariDataSource       : HikariPool-1 - Shutdown completed.
